#
# There is insufficient memory for the Java Runtime Environment to continue.
# Native memory allocation (mmap) failed to map 65536 bytes for Failed to commit metaspace.
# Possible reasons:
#   The system is out of physical RAM or swap space
#   The process is running with CompressedOops enabled, and the Java Heap may be blocking the growth of the native heap
# Possible solutions:
#   Reduce memory load on the system
#   Increase physical memory or swap space
#   Check if swap backing store is full
#   Decrease Java heap size (-Xmx/-Xms)
#   Decrease number of Java threads
#   Decrease Java thread stack sizes (-Xss)
#   Set larger code cache with -XX:ReservedCodeCacheSize=
#   JVM is running with Zero Based Compressed Oops mode in which the Java heap is
#     placed in the first 32GB address space. The Java Heap base address is the
#     maximum limit for the native heap growth. Please use -XX:HeapBaseMinAddress
#     to set the Java Heap base and to place the Java Heap above 32GB virtual address.
# This output file may be truncated or incomplete.
#
#  Out of Memory Error (virtualSpaceNode.cpp:110), pid=43412, tid=63744
#
# JRE version: OpenJDK Runtime Environment Corretto-17.0.8.8.1 (17.0.8.1+8) (build 17.0.8.1+8-LTS)
# Java VM: OpenJDK 64-Bit Server VM Corretto-17.0.8.8.1 (17.0.8.1+8-LTS, mixed mode, emulated-client, tiered, compressed oops, compressed class ptrs, g1 gc, windows-amd64)
# No core dump will be written. Minidumps are not enabled by default on client versions of Windows
#

---------------  S U M M A R Y ------------

Command Line: -XX:TieredStopAtLevel=1 -Dspring.output.ansi.enabled=always -Dcom.sun.management.jmxremote -Dspring.jmx.enabled=true -Dspring.liveBeansView.mbeanDomain -Dspring.application.admin.enabled=true -Dmanagement.endpoints.jmx.exposure.include=* -javaagent:C:\Users\axekr\AppData\Local\Programs\IntelliJ IDEA Ultimate\lib\idea_rt.jar=65349:C:\Users\axekr\AppData\Local\Programs\IntelliJ IDEA Ultimate\bin -Dfile.encoding=UTF-8 com.TuCine.AccountManagement.AccountManagementApplication

Host: Intel(R) Core(TM) i5-10300H CPU @ 2.50GHz, 8 cores, 11G,  Windows 11 , 64 bit Build 22621 (10.0.22621.2215)
Time: Tue Sep 26 12:41:47 2023 SA Pacific Standard Time elapsed time: 0.240487 seconds (0d 0h 0m 0s)

---------------  T H R E A D  ---------------

Current thread (0x000002b296915dd0):  JavaThread "main" [_thread_in_vm, id=63744, stack(0x000000faec900000,0x000000faeca00000)]

Stack: [0x000000faec900000,0x000000faeca00000]
Native frames: (J=compiled Java code, j=interpreted, Vv=VM code, C=native code)
V  [jvm.dll+0x64c9da]
V  [jvm.dll+0x800834]
V  [jvm.dll+0x801fee]
V  [jvm.dll+0x802643]
V  [jvm.dll+0x23715b]
V  [jvm.dll+0x7fc8fb]
V  [jvm.dll+0x5f3916]
V  [jvm.dll+0x5f397a]
V  [jvm.dll+0x5f6098]
V  [jvm.dll+0x5f42cd]
V  [jvm.dll+0x359309]
V  [jvm.dll+0x1d6a89]
V  [jvm.dll+0x51ac49]
V  [jvm.dll+0x1e5297]
V  [jvm.dll+0x77e132]
V  [jvm.dll+0x77f451]
V  [jvm.dll+0x77f788]
V  [jvm.dll+0x22f59a]
V  [jvm.dll+0x36e8f7]
C  0x000002b29fbeefff

Java frames: (J=compiled Java code, j=interpreted, Vv=VM code)
j  java.lang.invoke.LambdaForm.createFormsFor(Ljava/lang/invoke/LambdaForm$BasicType;)V+3 java.base@17.0.8.1
j  java.lang.invoke.LambdaForm.identityForm(Ljava/lang/invoke/LambdaForm$BasicType;)Ljava/lang/invoke/LambdaForm;+18 java.base@17.0.8.1
j  java.lang.invoke.MethodHandles.makeIdentity(Ljava/lang/Class;)Ljava/lang/invoke/MethodHandle;+10 java.base@17.0.8.1
j  java.lang.invoke.MethodHandles.identity(Ljava/lang/Class;)Ljava/lang/invoke/MethodHandle;+41 java.base@17.0.8.1
j  java.lang.invoke.MethodHandles.constant(Ljava/lang/Class;Ljava/lang/Object;)Ljava/lang/invoke/MethodHandle;+80 java.base@17.0.8.1
j  java.lang.invoke.InnerClassLambdaMetafactory.buildCallSite()Ljava/lang/invoke/CallSite;+140 java.base@17.0.8.1
j  java.lang.invoke.LambdaMetafactory.metafactory(Ljava/lang/invoke/MethodHandles$Lookup;Ljava/lang/String;Ljava/lang/invoke/MethodType;Ljava/lang/invoke/MethodType;Ljava/lang/invoke/MethodHandle;Ljava/lang/invoke/MethodType;)Ljava/lang/invoke/CallSite;+67 java.base@17.0.8.1
j  java.lang.invoke.DirectMethodHandle$Holder.invokeStatic(Ljava/lang/Object;Ljava/lang/Object;Ljava/lang/Object;Ljava/lang/Object;Ljava/lang/Object;Ljava/lang/Object;Ljava/lang/Object;)Ljava/lang/Object;+20 java.base@17.0.8.1
j  java.lang.invoke.Invokers$Holder.invokeExact_MT(Ljava/lang/Object;Ljava/lang/Object;Ljava/lang/Object;Ljava/lang/Object;Ljava/lang/Object;Ljava/lang/Object;Ljava/lang/Object;Ljava/lang/Object;)Ljava/lang/Object;+28 java.base@17.0.8.1
j  java.lang.invoke.BootstrapMethodInvoker.invoke(Ljava/lang/Class;Ljava/lang/invoke/MethodHandle;Ljava/lang/String;Ljava/lang/Object;Ljava/lang/Object;Ljava/lang/Class;)Ljava/lang/Object;+319 java.base@17.0.8.1
j  java.lang.invoke.CallSite.makeSite(Ljava/lang/invoke/MethodHandle;Ljava/lang/String;Ljava/lang/invoke/MethodType;Ljava/lang/Object;Ljava/lang/Class;)Ljava/lang/invoke/CallSite;+8 java.base@17.0.8.1
j  java.lang.invoke.MethodHandleNatives.linkCallSiteImpl(Ljava/lang/Class;Ljava/lang/invoke/MethodHandle;Ljava/lang/String;Ljava/lang/invoke/MethodType;Ljava/lang/Object;[Ljava/lang/Object;)Ljava/lang/invoke/MemberName;+6 java.base@17.0.8.1
j  java.lang.invoke.MethodHandleNatives.linkCallSite(Ljava/lang/Object;ILjava/lang/Object;Ljava/lang/Object;Ljava/lang/Object;Ljava/lang/Object;[Ljava/lang/Object;)Ljava/lang/invoke/MemberName;+46 java.base@17.0.8.1
v  ~StubRoutines::call_stub
j  jdk.internal.module.DefaultRoots.compute(Ljava/lang/module/ModuleFinder;Ljava/lang/module/ModuleFinder;)Ljava/util/Set;+11 java.base@17.0.8.1
j  jdk.internal.module.ModuleBootstrap.boot2()Ljava/lang/ModuleLayer;+727 java.base@17.0.8.1
j  jdk.internal.module.ModuleBootstrap.boot()Ljava/lang/ModuleLayer;+64 java.base@17.0.8.1
j  java.lang.System.initPhase2(ZZ)I+0 java.base@17.0.8.1
v  ~StubRoutines::call_stub

---------------  P R O C E S S  ---------------

Threads class SMR info:
_java_thread_list=0x000002b2ad038db0, length=9, elements={
0x000002b296915dd0, 0x000002b2ad068050, 0x000002b2ad068ae0, 0x000002b2ad03d110,
0x000002b2ad03dea0, 0x000002b2ad0ac3d0, 0x000002b2ad0acca0, 0x000002b2ad0ad710,
0x000002b2ad0ae110
}

Java Threads: ( => current thread )
=>0x000002b296915dd0 JavaThread "main" [_thread_in_vm, id=63744, stack(0x000000faec900000,0x000000faeca00000)]
  0x000002b2ad068050 JavaThread "Reference Handler" daemon [_thread_blocked, id=27224, stack(0x000000faed000000,0x000000faed100000)]
  0x000002b2ad068ae0 JavaThread "Finalizer" daemon [_thread_blocked, id=66888, stack(0x000000faed100000,0x000000faed200000)]
  0x000002b2ad03d110 JavaThread "Signal Dispatcher" daemon [_thread_blocked, id=54624, stack(0x000000faed200000,0x000000faed300000)]
  0x000002b2ad03dea0 JavaThread "Attach Listener" daemon [_thread_blocked, id=43704, stack(0x000000faed300000,0x000000faed400000)]
  0x000002b2ad0ac3d0 JavaThread "Service Thread" daemon [_thread_blocked, id=28900, stack(0x000000faed400000,0x000000faed500000)]
  0x000002b2ad0acca0 JavaThread "Monitor Deflation Thread" daemon [_thread_blocked, id=16616, stack(0x000000faed500000,0x000000faed600000)]
  0x000002b2ad0ad710 JavaThread "C1 CompilerThread0" daemon [_thread_blocked, id=49632, stack(0x000000faed600000,0x000000faed700000)]
  0x000002b2ad0ae110 JavaThread "Sweeper thread" daemon [_thread_blocked, id=19036, stack(0x000000faed700000,0x000000faed800000)]

Other Threads:
  0x000002b2ad035fd0 VMThread "VM Thread" [stack: 0x000000faecf00000,0x000000faed000000] [id=53844]
  0x000002b29696d220 GCTaskThread "GC Thread#0" [stack: 0x000000faeca00000,0x000000faecb00000] [id=35456]
  0x000002b296979ef0 ConcurrentGCThread "G1 Main Marker" [stack: 0x000000faecb00000,0x000000faecc00000] [id=58884]
  0x000002b29697c150 ConcurrentGCThread "G1 Conc#0" [stack: 0x000000faecc00000,0x000000faecd00000] [id=17752]
  0x000002b2969bc660 ConcurrentGCThread "G1 Refine#0" [stack: 0x000000faecd00000,0x000000faece00000] [id=65976]
  0x000002b2969bd090 ConcurrentGCThread "G1 Service" [stack: 0x000000faece00000,0x000000faecf00000] [id=13400]

Threads with active compile tasks:

VM state: not at safepoint (normal execution)

VM Mutex/Monitor currently owned by a thread:  ([mutex/lock_event])
[0x000002b29690f460] Metaspace_lock - owner thread: 0x000002b296915dd0

Heap address: 0x0000000742800000, size: 3032 MB, Compressed Oops mode: Zero based, Oop shift amount: 3

CDS archive(s) not mapped
Compressed class space mapped at: 0x0000000800000000-0x0000000840000000, reserved size: 1073741824
Narrow klass base: 0x0000000800000000, Narrow klass shift: 0, Narrow klass range: 0x40000000

GC Precious Log:
 CPUs: 8 total, 8 available
 Memory: 12125M
 Large Page Support: Disabled
 NUMA Support: Disabled
 Compressed Oops: Enabled (Zero based)
 Heap Region Size: 2M
 Heap Min Capacity: 8M
 Heap Initial Capacity: 190M
 Heap Max Capacity: 3032M
 Pre-touch: Disabled
 Parallel Workers: 8
 Concurrent Workers: 2
 Concurrent Refinement Workers: 8
 Periodic GC: Disabled

Heap:
 garbage-first heap   total 194560K, used 0K [0x0000000742800000, 0x0000000800000000)
  region size 2048K, 1 young (2048K), 0 survivors (0K)
 Metaspace       used 4211K, committed 4224K, reserved 1114112K
  class space    used 319K, committed 320K, reserved 1048576K

Heap Regions: E=young(eden), S=young(survivor), O=old, HS=humongous(starts), HC=humongous(continues), CS=collection set, F=free, OA=open archive, CA=closed archive, TAMS=top-at-mark-start (previous, next)
|   0|0x0000000742800000, 0x0000000742800000, 0x0000000742a00000|  0%| F|  |TAMS 0x0000000742800000, 0x0000000742800000| Untracked 
|   1|0x0000000742a00000, 0x0000000742a00000, 0x0000000742c00000|  0%| F|  |TAMS 0x0000000742a00000, 0x0000000742a00000| Untracked 
|   2|0x0000000742c00000, 0x0000000742c00000, 0x0000000742e00000|  0%| F|  |TAMS 0x0000000742c00000, 0x0000000742c00000| Untracked 
|   3|0x0000000742e00000, 0x0000000742e00000, 0x0000000743000000|  0%| F|  |TAMS 0x0000000742e00000, 0x0000000742e00000| Untracked 
|   4|0x0000000743000000, 0x0000000743000000, 0x0000000743200000|  0%| F|  |TAMS 0x0000000743000000, 0x0000000743000000| Untracked 
|   5|0x0000000743200000, 0x0000000743200000, 0x0000000743400000|  0%| F|  |TAMS 0x0000000743200000, 0x0000000743200000| Untracked 
|   6|0x0000000743400000, 0x0000000743400000, 0x0000000743600000|  0%| F|  |TAMS 0x0000000743400000, 0x0000000743400000| Untracked 
|   7|0x0000000743600000, 0x0000000743600000, 0x0000000743800000|  0%| F|  |TAMS 0x0000000743600000, 0x0000000743600000| Untracked 
|   8|0x0000000743800000, 0x0000000743800000, 0x0000000743a00000|  0%| F|  |TAMS 0x0000000743800000, 0x0000000743800000| Untracked 
|   9|0x0000000743a00000, 0x0000000743a00000, 0x0000000743c00000|  0%| F|  |TAMS 0x0000000743a00000, 0x0000000743a00000| Untracked 
|  10|0x0000000743c00000, 0x0000000743c00000, 0x0000000743e00000|  0%| F|  |TAMS 0x0000000743c00000, 0x0000000743c00000| Untracked 
|  11|0x0000000743e00000, 0x0000000743e00000, 0x0000000744000000|  0%| F|  |TAMS 0x0000000743e00000, 0x0000000743e00000| Untracked 
|  12|0x0000000744000000, 0x0000000744000000, 0x0000000744200000|  0%| F|  |TAMS 0x0000000744000000, 0x0000000744000000| Untracked 
|  13|0x0000000744200000, 0x0000000744200000, 0x0000000744400000|  0%| F|  |TAMS 0x0000000744200000, 0x0000000744200000| Untracked 
|  14|0x0000000744400000, 0x0000000744400000, 0x0000000744600000|  0%| F|  |TAMS 0x0000000744400000, 0x0000000744400000| Untracked 
|  15|0x0000000744600000, 0x0000000744600000, 0x0000000744800000|  0%| F|  |TAMS 0x0000000744600000, 0x0000000744600000| Untracked 
|  16|0x0000000744800000, 0x0000000744800000, 0x0000000744a00000|  0%| F|  |TAMS 0x0000000744800000, 0x0000000744800000| Untracked 
|  17|0x0000000744a00000, 0x0000000744a00000, 0x0000000744c00000|  0%| F|  |TAMS 0x0000000744a00000, 0x0000000744a00000| Untracked 
|  18|0x0000000744c00000, 0x0000000744c00000, 0x0000000744e00000|  0%| F|  |TAMS 0x0000000744c00000, 0x0000000744c00000| Untracked 
|  19|0x0000000744e00000, 0x0000000744e00000, 0x0000000745000000|  0%| F|  |TAMS 0x0000000744e00000, 0x0000000744e00000| Untracked 
|  20|0x0000000745000000, 0x0000000745000000, 0x0000000745200000|  0%| F|  |TAMS 0x0000000745000000, 0x0000000745000000| Untracked 
|  21|0x0000000745200000, 0x0000000745200000, 0x0000000745400000|  0%| F|  |TAMS 0x0000000745200000, 0x0000000745200000| Untracked 
|  22|0x0000000745400000, 0x0000000745400000, 0x0000000745600000|  0%| F|  |TAMS 0x0000000745400000, 0x0000000745400000| Untracked 
|  23|0x0000000745600000, 0x0000000745600000, 0x0000000745800000|  0%| F|  |TAMS 0x0000000745600000, 0x0000000745600000| Untracked 
|  24|0x0000000745800000, 0x0000000745800000, 0x0000000745a00000|  0%| F|  |TAMS 0x0000000745800000, 0x0000000745800000| Untracked 
|  25|0x0000000745a00000, 0x0000000745a00000, 0x0000000745c00000|  0%| F|  |TAMS 0x0000000745a00000, 0x0000000745a00000| Untracked 
|  26|0x0000000745c00000, 0x0000000745c00000, 0x0000000745e00000|  0%| F|  |TAMS 0x0000000745c00000, 0x0000000745c00000| Untracked 
|  27|0x0000000745e00000, 0x0000000745e00000, 0x0000000746000000|  0%| F|  |TAMS 0x0000000745e00000, 0x0000000745e00000| Untracked 
|  28|0x0000000746000000, 0x0000000746000000, 0x0000000746200000|  0%| F|  |TAMS 0x0000000746000000, 0x0000000746000000| Untracked 
|  29|0x0000000746200000, 0x0000000746200000, 0x0000000746400000|  0%| F|  |TAMS 0x0000000746200000, 0x0000000746200000| Untracked 
|  30|0x0000000746400000, 0x0000000746400000, 0x0000000746600000|  0%| F|  |TAMS 0x0000000746400000, 0x0000000746400000| Untracked 
|  31|0x0000000746600000, 0x0000000746600000, 0x0000000746800000|  0%| F|  |TAMS 0x0000000746600000, 0x0000000746600000| Untracked 
|  32|0x0000000746800000, 0x0000000746800000, 0x0000000746a00000|  0%| F|  |TAMS 0x0000000746800000, 0x0000000746800000| Untracked 
|  33|0x0000000746a00000, 0x0000000746a00000, 0x0000000746c00000|  0%| F|  |TAMS 0x0000000746a00000, 0x0000000746a00000| Untracked 
|  34|0x0000000746c00000, 0x0000000746c00000, 0x0000000746e00000|  0%| F|  |TAMS 0x0000000746c00000, 0x0000000746c00000| Untracked 
|  35|0x0000000746e00000, 0x0000000746e00000, 0x0000000747000000|  0%| F|  |TAMS 0x0000000746e00000, 0x0000000746e00000| Untracked 
|  36|0x0000000747000000, 0x0000000747000000, 0x0000000747200000|  0%| F|  |TAMS 0x0000000747000000, 0x0000000747000000| Untracked 
|  37|0x0000000747200000, 0x0000000747200000, 0x0000000747400000|  0%| F|  |TAMS 0x0000000747200000, 0x0000000747200000| Untracked 
|  38|0x0000000747400000, 0x0000000747400000, 0x0000000747600000|  0%| F|  |TAMS 0x0000000747400000, 0x0000000747400000| Untracked 
|  39|0x0000000747600000, 0x0000000747600000, 0x0000000747800000|  0%| F|  |TAMS 0x0000000747600000, 0x0000000747600000| Untracked 
|  40|0x0000000747800000, 0x0000000747800000, 0x0000000747a00000|  0%| F|  |TAMS 0x0000000747800000, 0x0000000747800000| Untracked 
|  41|0x0000000747a00000, 0x0000000747a00000, 0x0000000747c00000|  0%| F|  |TAMS 0x0000000747a00000, 0x0000000747a00000| Untracked 
|  42|0x0000000747c00000, 0x0000000747c00000, 0x0000000747e00000|  0%| F|  |TAMS 0x0000000747c00000, 0x0000000747c00000| Untracked 
|  43|0x0000000747e00000, 0x0000000747e00000, 0x0000000748000000|  0%| F|  |TAMS 0x0000000747e00000, 0x0000000747e00000| Untracked 
|  44|0x0000000748000000, 0x0000000748000000, 0x0000000748200000|  0%| F|  |TAMS 0x0000000748000000, 0x0000000748000000| Untracked 
|  45|0x0000000748200000, 0x0000000748200000, 0x0000000748400000|  0%| F|  |TAMS 0x0000000748200000, 0x0000000748200000| Untracked 
|  46|0x0000000748400000, 0x0000000748400000, 0x0000000748600000|  0%| F|  |TAMS 0x0000000748400000, 0x0000000748400000| Untracked 
|  47|0x0000000748600000, 0x0000000748600000, 0x0000000748800000|  0%| F|  |TAMS 0x0000000748600000, 0x0000000748600000| Untracked 
|  48|0x0000000748800000, 0x0000000748800000, 0x0000000748a00000|  0%| F|  |TAMS 0x0000000748800000, 0x0000000748800000| Untracked 
|  49|0x0000000748a00000, 0x0000000748a00000, 0x0000000748c00000|  0%| F|  |TAMS 0x0000000748a00000, 0x0000000748a00000| Untracked 
|  50|0x0000000748c00000, 0x0000000748c00000, 0x0000000748e00000|  0%| F|  |TAMS 0x0000000748c00000, 0x0000000748c00000| Untracked 
|  51|0x0000000748e00000, 0x0000000748e00000, 0x0000000749000000|  0%| F|  |TAMS 0x0000000748e00000, 0x0000000748e00000| Untracked 
|  52|0x0000000749000000, 0x0000000749000000, 0x0000000749200000|  0%| F|  |TAMS 0x0000000749000000, 0x0000000749000000| Untracked 
|  53|0x0000000749200000, 0x0000000749200000, 0x0000000749400000|  0%| F|  |TAMS 0x0000000749200000, 0x0000000749200000| Untracked 
|  54|0x0000000749400000, 0x0000000749400000, 0x0000000749600000|  0%| F|  |TAMS 0x0000000749400000, 0x0000000749400000| Untracked 
|  55|0x0000000749600000, 0x0000000749600000, 0x0000000749800000|  0%| F|  |TAMS 0x0000000749600000, 0x0000000749600000| Untracked 
|  56|0x0000000749800000, 0x0000000749800000, 0x0000000749a00000|  0%| F|  |TAMS 0x0000000749800000, 0x0000000749800000| Untracked 
|  57|0x0000000749a00000, 0x0000000749a00000, 0x0000000749c00000|  0%| F|  |TAMS 0x0000000749a00000, 0x0000000749a00000| Untracked 
|  58|0x0000000749c00000, 0x0000000749c00000, 0x0000000749e00000|  0%| F|  |TAMS 0x0000000749c00000, 0x0000000749c00000| Untracked 
|  59|0x0000000749e00000, 0x0000000749e00000, 0x000000074a000000|  0%| F|  |TAMS 0x0000000749e00000, 0x0000000749e00000| Untracked 
|  60|0x000000074a000000, 0x000000074a000000, 0x000000074a200000|  0%| F|  |TAMS 0x000000074a000000, 0x000000074a000000| Untracked 
|  61|0x000000074a200000, 0x000000074a200000, 0x000000074a400000|  0%| F|  |TAMS 0x000000074a200000, 0x000000074a200000| Untracked 
|  62|0x000000074a400000, 0x000000074a400000, 0x000000074a600000|  0%| F|  |TAMS 0x000000074a400000, 0x000000074a400000| Untracked 
|  63|0x000000074a600000, 0x000000074a600000, 0x000000074a800000|  0%| F|  |TAMS 0x000000074a600000, 0x000000074a600000| Untracked 
|  64|0x000000074a800000, 0x000000074a800000, 0x000000074aa00000|  0%| F|  |TAMS 0x000000074a800000, 0x000000074a800000| Untracked 
|  65|0x000000074aa00000, 0x000000074aa00000, 0x000000074ac00000|  0%| F|  |TAMS 0x000000074aa00000, 0x000000074aa00000| Untracked 
|  66|0x000000074ac00000, 0x000000074ac00000, 0x000000074ae00000|  0%| F|  |TAMS 0x000000074ac00000, 0x000000074ac00000| Untracked 
|  67|0x000000074ae00000, 0x000000074ae00000, 0x000000074b000000|  0%| F|  |TAMS 0x000000074ae00000, 0x000000074ae00000| Untracked 
|  68|0x000000074b000000, 0x000000074b000000, 0x000000074b200000|  0%| F|  |TAMS 0x000000074b000000, 0x000000074b000000| Untracked 
|  69|0x000000074b200000, 0x000000074b200000, 0x000000074b400000|  0%| F|  |TAMS 0x000000074b200000, 0x000000074b200000| Untracked 
|  70|0x000000074b400000, 0x000000074b400000, 0x000000074b600000|  0%| F|  |TAMS 0x000000074b400000, 0x000000074b400000| Untracked 
|  71|0x000000074b600000, 0x000000074b600000, 0x000000074b800000|  0%| F|  |TAMS 0x000000074b600000, 0x000000074b600000| Untracked 
|  72|0x000000074b800000, 0x000000074b800000, 0x000000074ba00000|  0%| F|  |TAMS 0x000000074b800000, 0x000000074b800000| Untracked 
|  73|0x000000074ba00000, 0x000000074ba00000, 0x000000074bc00000|  0%| F|  |TAMS 0x000000074ba00000, 0x000000074ba00000| Untracked 
|  74|0x000000074bc00000, 0x000000074bc00000, 0x000000074be00000|  0%| F|  |TAMS 0x000000074bc00000, 0x000000074bc00000| Untracked 
|  75|0x000000074be00000, 0x000000074be00000, 0x000000074c000000|  0%| F|  |TAMS 0x000000074be00000, 0x000000074be00000| Untracked 
|  76|0x000000074c000000, 0x000000074c000000, 0x000000074c200000|  0%| F|  |TAMS 0x000000074c000000, 0x000000074c000000| Untracked 
|  77|0x000000074c200000, 0x000000074c200000, 0x000000074c400000|  0%| F|  |TAMS 0x000000074c200000, 0x000000074c200000| Untracked 
|  78|0x000000074c400000, 0x000000074c400000, 0x000000074c600000|  0%| F|  |TAMS 0x000000074c400000, 0x000000074c400000| Untracked 
|  79|0x000000074c600000, 0x000000074c600000, 0x000000074c800000|  0%| F|  |TAMS 0x000000074c600000, 0x000000074c600000| Untracked 
|  80|0x000000074c800000, 0x000000074c800000, 0x000000074ca00000|  0%| F|  |TAMS 0x000000074c800000, 0x000000074c800000| Untracked 
|  81|0x000000074ca00000, 0x000000074ca00000, 0x000000074cc00000|  0%| F|  |TAMS 0x000000074ca00000, 0x000000074ca00000| Untracked 
|  82|0x000000074cc00000, 0x000000074cc00000, 0x000000074ce00000|  0%| F|  |TAMS 0x000000074cc00000, 0x000000074cc00000| Untracked 
|  83|0x000000074ce00000, 0x000000074ce00000, 0x000000074d000000|  0%| F|  |TAMS 0x000000074ce00000, 0x000000074ce00000| Untracked 
|  84|0x000000074d000000, 0x000000074d000000, 0x000000074d200000|  0%| F|  |TAMS 0x000000074d000000, 0x000000074d000000| Untracked 
|  85|0x000000074d200000, 0x000000074d200000, 0x000000074d400000|  0%| F|  |TAMS 0x000000074d200000, 0x000000074d200000| Untracked 
|  86|0x000000074d400000, 0x000000074d400000, 0x000000074d600000|  0%| F|  |TAMS 0x000000074d400000, 0x000000074d400000| Untracked 
|  87|0x000000074d600000, 0x000000074d600000, 0x000000074d800000|  0%| F|  |TAMS 0x000000074d600000, 0x000000074d600000| Untracked 
|  88|0x000000074d800000, 0x000000074d800000, 0x000000074da00000|  0%| F|  |TAMS 0x000000074d800000, 0x000000074d800000| Untracked 
|  89|0x000000074da00000, 0x000000074da00000, 0x000000074dc00000|  0%| F|  |TAMS 0x000000074da00000, 0x000000074da00000| Untracked 
|  90|0x000000074dc00000, 0x000000074dc00000, 0x000000074de00000|  0%| F|  |TAMS 0x000000074dc00000, 0x000000074dc00000| Untracked 
|  91|0x000000074de00000, 0x000000074de00000, 0x000000074e000000|  0%| F|  |TAMS 0x000000074de00000, 0x000000074de00000| Untracked 
|  92|0x000000074e000000, 0x000000074e000000, 0x000000074e200000|  0%| F|  |TAMS 0x000000074e000000, 0x000000074e000000| Untracked 
|  93|0x000000074e200000, 0x000000074e200000, 0x000000074e400000|  0%| F|  |TAMS 0x000000074e200000, 0x000000074e200000| Untracked 
|  94|0x000000074e400000, 0x000000074e5c2be0, 0x000000074e600000| 88%| E|  |TAMS 0x000000074e400000, 0x000000074e400000| Complete 

Card table byte_map: [0x000002b2a3ab0000,0x000002b2a40a0000] _byte_map_base: 0x000002b2a009c000

Marking Bits (Prev, Next): (CMBitMap*) 0x000002b29696d840, (CMBitMap*) 0x000002b29696d880
 Prev Bits: [0x000002b2a4690000, 0x000002b2a75f0000)
 Next Bits: [0x000002b2a75f0000, 0x000002b2aa550000)

Polling page: 0x000002b2969c0000

Metaspace:

Usage:
  Non-class:      3.80 MB used.
      Class:    319.48 KB used.
       Both:      4.11 MB used.

Virtual space:
  Non-class space:       64.00 MB reserved,       3.81 MB (  6%) committed,  1 nodes.
      Class space:        1.00 GB reserved,     320.00 KB ( <1%) committed,  1 nodes.
             Both:        1.06 GB reserved,       4.13 MB ( <1%) committed. 

Chunk freelists:
   Non-Class:  12.00 MB
       Class:  15.62 MB
        Both:  27.62 MB

MaxMetaspaceSize: unlimited
CompressedClassSpaceSize: 1.00 GB
Initial GC threshold: 21.00 MB
Current GC threshold: 21.00 MB
CDS: off
MetaspaceReclaimPolicy: balanced
 - commit_granule_bytes: 65536.
 - commit_granule_words: 8192.
 - virtual_space_node_default_size: 8388608.
 - enlarge_chunks_in_place: 1.
 - new_chunks_are_fully_committed: 0.
 - uncommit_free_chunks: 1.
 - use_allocation_guard: 0.
 - handle_deallocations: 1.


Internal statistics:

num_allocs_failed_limit: 0.
num_arena_births: 2.
num_arena_deaths: 0.
num_vsnodes_births: 2.
num_vsnodes_deaths: 0.
num_space_committed: 66.
num_space_uncommitted: 0.
num_chunks_returned_to_freelist: 0.
num_chunks_taken_from_freelist: 4.
num_chunk_merges: 0.
num_chunk_splits: 2.
num_chunks_enlarged: 0.
num_inconsistent_stats: 0.

CodeCache: size=49152Kb used=1126Kb max_used=1126Kb free=48025Kb
 bounds [0x000002b29fbe0000, 0x000002b29fe50000, 0x000002b2a2be0000]
 total_blobs=387 nmethods=70 adapters=245
 compilation: enabled
              stopped_count=0, restarted_count=0
 full_count=0

Compilation events (20 events):
Event: 0.214 Thread 0x000002b2ad0ad710   53       1       java.lang.AbstractStringBuilder::getCoder (15 bytes)
Event: 0.214 Thread 0x000002b2ad0ad710 nmethod 53 0x000002b29fceaa10 code [0x000002b29fceaba0, 0x000002b29fceac78]
Event: 0.214 Thread 0x000002b2ad0ad710   54       1       java.lang.String::getBytes (46 bytes)
Event: 0.214 Thread 0x000002b2ad0ad710 nmethod 54 0x000002b29fceb310 code [0x000002b29fceb4c0, 0x000002b29fceb6b8]
Event: 0.215 Thread 0x000002b2ad0ad710   55       1       java.util.concurrent.ConcurrentHashMap::tabAt (22 bytes)
Event: 0.215 Thread 0x000002b2ad0ad710 nmethod 55 0x000002b29fcebc10 code [0x000002b29fcebda0, 0x000002b29fcebeb8]
Event: 0.215 Thread 0x000002b2ad0ad710   56       1       jdk.internal.misc.Unsafe::getReferenceAcquire (7 bytes)
Event: 0.215 Thread 0x000002b2ad0ad710 nmethod 56 0x000002b29fcebf90 code [0x000002b29fcec120, 0x000002b29fcec258]
Event: 0.215 Thread 0x000002b2ad0ad710   59       1       java.util.ImmutableCollections$SetN$SetNIterator::next (90 bytes)
Event: 0.215 Thread 0x000002b2ad0ad710 nmethod 59 0x000002b29fcec310 code [0x000002b29fcec4c0, 0x000002b29fcec668]
Event: 0.215 Thread 0x000002b2ad0ad710   58       1       java.util.concurrent.ConcurrentHashMap::spread (10 bytes)
Event: 0.215 Thread 0x000002b2ad0ad710 nmethod 58 0x000002b29fcec790 code [0x000002b29fcec920, 0x000002b29fcec9d8]
Event: 0.226 Thread 0x000002b2ad0ad710   61       1       java.lang.Enum::ordinal (5 bytes)
Event: 0.226 Thread 0x000002b2ad0ad710 nmethod 61 0x000002b29fcf1310 code [0x000002b29fcf14a0, 0x000002b29fcf1578]
Event: 0.229 Thread 0x000002b2ad0ad710   64       1       java.util.concurrent.ConcurrentHashMap::addCount (280 bytes)
Event: 0.229 Thread 0x000002b2ad0ad710 nmethod 64 0x000002b29fcf2d10 code [0x000002b29fcf2f00, 0x000002b29fcf3388]
Event: 0.229 Thread 0x000002b2ad0ad710   66   !   1       java.util.concurrent.ConcurrentHashMap::putVal (432 bytes)
Event: 0.231 Thread 0x000002b2ad0ad710 nmethod 66 0x000002b29fcf3c10 code [0x000002b29fcf3ea0, 0x000002b29fcf4ef8]
Event: 0.231 Thread 0x000002b2ad0ad710   67       1       java.util.concurrent.ConcurrentHashMap$Node::<init> (20 bytes)
Event: 0.231 Thread 0x000002b2ad0ad710 nmethod 67 0x000002b29fcf5690 code [0x000002b29fcf5820, 0x000002b29fcf5998]

GC Heap History (0 events):
No events

Dll operation events (2 events):
Event: 0.012 Loaded shared library C:\Users\axekr\.jdks\corretto-17.0.8.1\bin\java.dll
Event: 0.045 Loaded shared library C:\Users\axekr\.jdks\corretto-17.0.8.1\bin\jsvml.dll

Deoptimization events (0 events):
No events

Classes unloaded (0 events):
No events

Classes redefined (0 events):
No events

Internal exceptions (0 events):
No events

VM Operations (0 events):
No events

Events (20 events):
Event: 0.234 loading class jdk/internal/org/objectweb/asm/Attribute done
Event: 0.234 loading class jdk/internal/org/objectweb/asm/AnnotationWriter
Event: 0.234 loading class jdk/internal/org/objectweb/asm/AnnotationVisitor
Event: 0.234 loading class jdk/internal/org/objectweb/asm/AnnotationVisitor done
Event: 0.234 loading class jdk/internal/org/objectweb/asm/AnnotationWriter done
Event: 0.234 loading class java/lang/invoke/MethodHandles$Lookup$ClassOption
Event: 0.235 loading class java/lang/invoke/MethodHandles$Lookup$ClassOption done
Event: 0.235 loading class java/lang/invoke/MethodHandles$Lookup$ClassFile
Event: 0.235 loading class java/lang/invoke/MethodHandles$Lookup$ClassFile done
Event: 0.235 loading class jdk/internal/org/objectweb/asm/ClassReader
Event: 0.235 loading class jdk/internal/org/objectweb/asm/ClassReader done
Event: 0.235 loading class java/util/ImmutableCollections$Set12$1
Event: 0.236 loading class java/util/ImmutableCollections$Set12$1 done
Event: 0.236 loading class java/lang/invoke/MethodHandles$Lookup$ClassDefiner
Event: 0.236 loading class java/lang/invoke/MethodHandles$Lookup$ClassDefiner done
Event: 0.236 loading class java/lang/invoke/InnerClassLambdaMetafactory$1
Event: 0.236 loading class java/lang/invoke/InnerClassLambdaMetafactory$1 done
Event: 0.236 loading class jdk/internal/reflect/DelegatingConstructorAccessorImpl
Event: 0.236 loading class jdk/internal/reflect/DelegatingConstructorAccessorImpl done
Event: 0.236 loading class java/lang/invoke/BoundMethodHandle


Dynamic libraries:
0x00007ff725110000 - 0x00007ff72511d000 	C:\Users\axekr\.jdks\corretto-17.0.8.1\bin\java.exe
0x00007ffdf7c30000 - 0x00007ffdf7e44000 	C:\WINDOWS\SYSTEM32\ntdll.dll
0x00007ffdf5ce0000 - 0x00007ffdf5da4000 	C:\WINDOWS\System32\KERNEL32.DLL
0x00007ffdf53b0000 - 0x00007ffdf5754000 	C:\WINDOWS\System32\KERNELBASE.dll
0x00007ffdf5100000 - 0x00007ffdf5211000 	C:\WINDOWS\System32\ucrtbase.dll
0x00007ffdd8f50000 - 0x00007ffdd8f65000 	C:\Users\axekr\.jdks\corretto-17.0.8.1\bin\VCRUNTIME140.dll
0x00007ffddaeb0000 - 0x00007ffddaec7000 	C:\Users\axekr\.jdks\corretto-17.0.8.1\bin\jli.dll
0x00007ffdf68a0000 - 0x00007ffdf6a4e000 	C:\WINDOWS\System32\USER32.dll
0x00007ffdf5820000 - 0x00007ffdf5846000 	C:\WINDOWS\System32\win32u.dll
0x00007ffdf7b10000 - 0x00007ffdf7b39000 	C:\WINDOWS\System32\GDI32.dll
0x00007ffdf5290000 - 0x00007ffdf53a8000 	C:\WINDOWS\System32\gdi32full.dll
0x00007ffdf5060000 - 0x00007ffdf50fa000 	C:\WINDOWS\System32\msvcp_win.dll
0x00007ffddf1d0000 - 0x00007ffddf463000 	C:\WINDOWS\WinSxS\amd64_microsoft.windows.common-controls_6595b64144ccf1df_6.0.22621.2215_none_270d72677387dfc3\COMCTL32.dll
0x00007ffdf7b40000 - 0x00007ffdf7be7000 	C:\WINDOWS\System32\msvcrt.dll
0x00007ffdf7ab0000 - 0x00007ffdf7ae1000 	C:\WINDOWS\System32\IMM32.DLL
0x00007ffdd3d10000 - 0x00007ffdd3dab000 	C:\Users\axekr\.jdks\corretto-17.0.8.1\bin\msvcp140.dll
0x00007ffd714a0000 - 0x00007ffd720bd000 	C:\Users\axekr\.jdks\corretto-17.0.8.1\bin\server\jvm.dll
0x00007ffdf6a50000 - 0x00007ffdf6b00000 	C:\WINDOWS\System32\ADVAPI32.dll
0x00007ffdf6db0000 - 0x00007ffdf6e56000 	C:\WINDOWS\System32\sechost.dll
0x00007ffdf6760000 - 0x00007ffdf6877000 	C:\WINDOWS\System32\RPCRT4.dll
0x00007ffdf3e50000 - 0x00007ffdf3e9d000 	C:\WINDOWS\SYSTEM32\POWRPROF.dll
0x00007ffddd290000 - 0x00007ffddd299000 	C:\WINDOWS\SYSTEM32\WSOCK32.dll
0x00007ffded8a0000 - 0x00007ffded8d4000 	C:\WINDOWS\SYSTEM32\WINMM.dll
0x00007ffdecd30000 - 0x00007ffdecd3a000 	C:\WINDOWS\SYSTEM32\VERSION.dll
0x00007ffdf6b00000 - 0x00007ffdf6b71000 	C:\WINDOWS\System32\WS2_32.dll
0x00007ffdf3e30000 - 0x00007ffdf3e43000 	C:\WINDOWS\SYSTEM32\UMPDC.dll
0x00007ffdf4090000 - 0x00007ffdf40a8000 	C:\WINDOWS\SYSTEM32\kernel.appcore.dll
0x00007ffdeee60000 - 0x00007ffdeee6a000 	C:\Users\axekr\.jdks\corretto-17.0.8.1\bin\jimage.dll
0x00007ffdf28d0000 - 0x00007ffdf2afe000 	C:\WINDOWS\SYSTEM32\DBGHELP.DLL
0x00007ffdf63d0000 - 0x00007ffdf675a000 	C:\WINDOWS\System32\combase.dll
0x00007ffdf7870000 - 0x00007ffdf7947000 	C:\WINDOWS\System32\OLEAUT32.dll
0x00007ffdd6660000 - 0x00007ffdd6692000 	C:\WINDOWS\SYSTEM32\dbgcore.DLL
0x00007ffdf4fe0000 - 0x00007ffdf505a000 	C:\WINDOWS\System32\bcryptPrimitives.dll
0x00007ffddf760000 - 0x00007ffddf76e000 	C:\Users\axekr\.jdks\corretto-17.0.8.1\bin\instrument.dll
0x00007ffdd8f20000 - 0x00007ffdd8f45000 	C:\Users\axekr\.jdks\corretto-17.0.8.1\bin\java.dll
0x00007ffdd3980000 - 0x00007ffdd3a56000 	C:\Users\axekr\.jdks\corretto-17.0.8.1\bin\jsvml.dll
0x00007ffdf6e60000 - 0x00007ffdf7683000 	C:\WINDOWS\System32\SHELL32.dll
0x00007ffdf2f30000 - 0x00007ffdf381a000 	C:\WINDOWS\SYSTEM32\windows.storage.dll
0x00007ffdf2df0000 - 0x00007ffdf2f2e000 	C:\WINDOWS\SYSTEM32\wintypes.dll
0x00007ffdf5be0000 - 0x00007ffdf5cd3000 	C:\WINDOWS\System32\SHCORE.dll
0x00007ffdf6d50000 - 0x00007ffdf6dae000 	C:\WINDOWS\System32\shlwapi.dll
0x00007ffdf4f10000 - 0x00007ffdf4f36000 	C:\WINDOWS\SYSTEM32\profapi.dll

dbghelp: loaded successfully - version: 4.0.5 - missing functions: none
symbol engine: initialized successfully - sym options: 0x614 - pdb path: .;C:\Users\axekr\.jdks\corretto-17.0.8.1\bin;C:\WINDOWS\SYSTEM32;C:\WINDOWS\WinSxS\amd64_microsoft.windows.common-controls_6595b64144ccf1df_6.0.22621.2215_none_270d72677387dfc3;C:\Users\axekr\.jdks\corretto-17.0.8.1\bin\server

VM Arguments:
jvm_args: -XX:TieredStopAtLevel=1 -Dspring.output.ansi.enabled=always -Dcom.sun.management.jmxremote -Dspring.jmx.enabled=true -Dspring.liveBeansView.mbeanDomain -Dspring.application.admin.enabled=true -Dmanagement.endpoints.jmx.exposure.include=* -javaagent:C:\Users\axekr\AppData\Local\Programs\IntelliJ IDEA Ultimate\lib\idea_rt.jar=65349:C:\Users\axekr\AppData\Local\Programs\IntelliJ IDEA Ultimate\bin -Dfile.encoding=UTF-8 
java_command: com.TuCine.AccountManagement.AccountManagementApplication
java_class_path (initial): C:\Users\axekr\Development\Projects IDEA\TuCineParentProject\businessdomain\Account-Management-Bounded-Context-main\target\classes;C:\Users\axekr\.m2\repository\org\springframework\boot\spring-boot-starter-data-jpa\3.1.4\spring-boot-starter-data-jpa-3.1.4.jar;C:\Users\axekr\.m2\repository\org\springframework\boot\spring-boot-starter-aop\3.1.4\spring-boot-starter-aop-3.1.4.jar;C:\Users\axekr\.m2\repository\org\springframework\spring-aop\6.0.12\spring-aop-6.0.12.jar;C:\Users\axekr\.m2\repository\org\aspectj\aspectjweaver\1.9.20\aspectjweaver-1.9.20.jar;C:\Users\axekr\.m2\repository\org\springframework\boot\spring-boot-starter-jdbc\3.1.4\spring-boot-starter-jdbc-3.1.4.jar;C:\Users\axekr\.m2\repository\com\zaxxer\HikariCP\5.0.1\HikariCP-5.0.1.jar;C:\Users\axekr\.m2\repository\org\springframework\spring-jdbc\6.0.12\spring-jdbc-6.0.12.jar;C:\Users\axekr\.m2\repository\org\hibernate\orm\hibernate-core\6.2.9.Final\hibernate-core-6.2.9.Final.jar;C:\Users\axekr\.m2\repository\jakarta\persistence\jakarta.persistence-api\3.1.0\jakarta.persistence-api-3.1.0.jar;C:\Users\axekr\.m2\repository\jakarta\transaction\jakarta.transaction-api\2.0.1\jakarta.transaction-api-2.0.1.jar;C:\Users\axekr\.m2\repository\org\jboss\logging\jboss-logging\3.5.3.Final\jboss-logging-3.5.3.Final.jar;C:\Users\axekr\.m2\repository\org\hibernate\common\hibernate-commons-annotations\6.0.6.Final\hibernate-commons-annotations-6.0.6.Final.jar;C:\Users\axekr\.m2\repository\io\smallrye\jandex\3.0.5\jandex-3.0.5.jar;C:\Users\axekr\.m2\repository\com\fasterxml\classmate\1.5.1\classmate-1.5.1.jar;C:\Users\axekr\.m2\repository\net\bytebuddy\byte-buddy\1.14.8\byte-buddy-1.14.8.jar;C:\Users\axekr\.m2\repository\org\glassfish\jaxb\jaxb-runtime\4.0.3\jaxb-runtime-4.0.3.jar;C:\Users\axekr\.m2\repository\org\glassfish\jaxb\jaxb-core\4.0.3\jaxb-core-4.0.3.jar;C:\Users\axekr\.m2\repository\org\eclipse\angus\angus-activation\2.0.1\angus-activation-2.0.1.jar;C:\Users\axekr\.m2\repository\org\glass
Launcher Type: SUN_STANDARD

[Global flags]
     intx CICompilerCount                          = 4                                         {product} {ergonomic}
     uint ConcGCThreads                            = 2                                         {product} {ergonomic}
     uint G1ConcRefinementThreads                  = 8                                         {product} {ergonomic}
   size_t G1HeapRegionSize                         = 2097152                                   {product} {ergonomic}
    uintx GCDrainStackTargetSize                   = 64                                        {product} {ergonomic}
   size_t InitialHeapSize                          = 199229440                                 {product} {ergonomic}
     bool ManagementServer                         = true                                      {product} {command line}
   size_t MarkStackSize                            = 4194304                                   {product} {ergonomic}
   size_t MaxHeapSize                              = 3179282432                                {product} {ergonomic}
   size_t MaxNewSize                               = 1906311168                                {product} {ergonomic}
   size_t MinHeapDeltaBytes                        = 2097152                                   {product} {ergonomic}
   size_t MinHeapSize                              = 8388608                                   {product} {ergonomic}
    uintx NonProfiledCodeHeapSize                  = 0                                      {pd product} {ergonomic}
     bool ProfileInterpreter                       = false                                  {pd product} {command line}
    uintx ProfiledCodeHeapSize                     = 0                                      {pd product} {ergonomic}
   size_t SoftMaxHeapSize                          = 3179282432                             {manageable} {ergonomic}
     intx TieredStopAtLevel                        = 1                                         {product} {command line}
     bool UseCompressedClassPointers               = true                           {product lp64_product} {ergonomic}
     bool UseCompressedOops                        = true                           {product lp64_product} {ergonomic}
     bool UseG1GC                                  = true                                      {product} {ergonomic}
     bool UseLargePagesIndividualAllocation        = false                                  {pd product} {ergonomic}

Logging:
Log output configuration:
 #0: stdout all=warning uptime,level,tags
 #1: stderr all=off uptime,level,tags

Environment Variables:
PATH=C:\Program Files\Microsoft\jdk-11.0.16.101-hotspot\bin;C:\Python311\Scripts\;C:\Python311\;C:\Windows\system32;C:\Windows;C:\Windows\System32\Wbem;C:\Windows\System32\WindowsPowerShell\v1.0\;C:\Windows\System32\OpenSSH\;C:\Program Files (x86)\NVIDIA Corporation\PhysX\Common;C:\Program Files\NVIDIA Corporation\NVIDIA NvDLISR;C:\WINDOWS\system32;C:\WINDOWS;C:\WINDOWS\System32\Wbem;C:\WINDOWS\System32\WindowsPowerShell\v1.0\;C:\WINDOWS\System32\OpenSSH\;C:\Program Files\Git\cmd;C:\Program Files\nodejs\;C:\ProgramData\chocolatey\bin;C:\Program Files\Microsoft SQL Server\150\Tools\Binn\;C:\Program Files\Microsoft SQL Server\Client SDK\ODBC\170\Tools\Binn\;C:\Program Files\dotnet\;C:\Program Files (x86)\Windows Kits\10\Windows Performance Toolkit\;C:\Program Files (x86)\Incredibuild;C:\Program Files (x86)\Microsoft SQL Server\160\Tools\Binn\;C:\Program Files\Microsoft SQL Server\160\Tools\Binn\;C:\Program Files\Microsoft SQL Server\160\DTS\Binn\;C:\Program Files (x86)\Microsoft SQL Server\160\DTS\Binn\;C:\Program Files\Azure Data Studio\bin;C:\Program Files\Docker\Docker\resources\bin;C:\Program Files\MySQL\MySQL Shell 8.0\bin\;C:\Users\axekr\AppData\Local\Microsoft\WindowsApps;C:\Users\axekr\AppData\Local\JetBrains\Toolbox\scripts;C:\Users\axekr\AppData\Local\Programs\Microsoft VS Code\bin;C:\Users\axekr\AppData\Local\GitHubDesktop\bin;C:\Users\axekr\AppData\Local\Programs\oh-my-posh\bin;C:\Users\axekr\AppData\Roaming\npm;C:\Users\axekr\.dotnet\tools
USERNAME=axekr
OS=Windows_NT
PROCESSOR_IDENTIFIER=Intel64 Family 6 Model 165 Stepping 2, GenuineIntel
TMP=C:\Users\axekr\AppData\Local\Temp
TEMP=C:\Users\axekr\AppData\Local\Temp



---------------  S Y S T E M  ---------------

OS:
 Windows 11 , 64 bit Build 22621 (10.0.22621.2215)
OS uptime: 6 days 3:40 hours
Hyper-V role detected

CPU: total 8 (initial active 8) (4 cores per cpu, 2 threads per core) family 6 model 165 stepping 2 microcode 0xe0, cx8, cmov, fxsr, ht, mmx, 3dnowpref, sse, sse2, sse3, ssse3, sse4.1, sse4.2, popcnt, lzcnt, tsc, tscinvbit, avx, avx2, aes, erms, clmul, bmi1, bmi2, adx, fma, vzeroupper, clflush, clflushopt, hv
Processor Information for all 8 processors :
  Max Mhz: 2496, Current Mhz: 2496, Mhz Limit: 2496

Memory: 4k page, system-wide physical 12125M (702M free)
TotalPageFile size 48989M (AvailPageFile size 2M)
current process WorkingSet (physical memory assigned to process): 26M, peak: 26M
current process commit charge ("private bytes"): 261M, peak: 265M

vm_info: OpenJDK 64-Bit Server VM (17.0.8.1+8-LTS) for windows-amd64 JRE (17.0.8.1+8-LTS), built on Aug 19 2023 03:47:39 by "Administrator" with MS VC++ 15.9 (VS2017)

END.
